<?xml version="1.0" encoding="UTF-8"?>
<!-- Generated by org.testng.reporters.JUnitReportReporter -->
<testsuite hostname="ZSCHN01LP0426" failures="0" tests="1" name="WebActions.LoginTest" time="3.901" errors="0" timestamp="2023-07-27T13:13:58 IST" skipped="0">
  <testcase classname="WebActions.LoginTest" name="loginTest" time="3.901"/>
  <system-out/>
</testsuite> <!-- WebActions.LoginTest -->
