<?xml version="1.0" encoding="UTF-8"?>
<!-- Generated by org.testng.reporters.JUnitReportReporter -->
<testsuite hostname="ZSCHN01LP0426" failures="0" tests="3" name="WebActions.radioAndCheckAction" time="0.358" errors="0" timestamp="2023-07-27T13:14:15 IST" skipped="0">
  <testcase classname="WebActions.radioAndCheckAction" name="clickingOnRadioButton" time="0.105"/>
  <system-out/>
  <testcase classname="WebActions.radioAndCheckAction" name="ClickingOnCheckBoxes" time="0.096"/>
  <system-out/>
  <testcase classname="WebActions.radioAndCheckAction" name="ClickingOnDropDown" time="0.157"/>
  <system-out/>
</testsuite> <!-- WebActions.radioAndCheckAction -->
