<?xml version="1.0" encoding="UTF-8"?>
<!-- Generated by org.testng.reporters.JUnitReportReporter -->
<testsuite hostname="ZSCHN01LP0426" failures="0" tests="2" name="WebActions.login" time="3.659" errors="0" timestamp="2023-07-27T13:14:15 IST" skipped="0">
  <testcase classname="WebActions.login" name="appInit" time="1.899"/>
  <system-out/>
  <testcase classname="WebActions.login" name="loginTest" time="1.760"/>
  <system-out/>
</testsuite> <!-- WebActions.login -->
