<?xml version="1.0" encoding="UTF-8"?>
<!-- Generated by org.testng.reporters.JUnitReportReporter -->
<testsuite hostname="ZSCHN01LP0426" failures="0" tests="11" name="seleniumSamples.SamplesBoxes" time="113.398" errors="0" timestamp="2023-05-30T10:54:15 IST" skipped="0">
  <testcase classname="seleniumSamples.SamplesBoxes" name="textBox" time="2.539"/>
  <system-out/>
  <testcase classname="seleniumSamples.SamplesBoxes" name="radioButton" time="1.940"/>
  <system-out/>
  <testcase classname="seleniumSamples.SamplesBoxes" name="dropDown" time="5.190"/>
  <system-out/>
  <testcase classname="seleniumSamples.SamplesBoxes" name="checkBoxes" time="2.121"/>
  <system-out/>
  <testcase classname="seleniumSamples.SamplesBoxes" name="numberTextBox" time="2.527"/>
  <system-out/>
  <testcase classname="seleniumSamples.SamplesBoxes" name="suggestionClass" time="2.868"/>
  <system-out/>
  <testcase classname="seleniumSamples.SamplesBoxes" name="dateSelect" time="2.047"/>
  <system-out/>
  <testcase classname="seleniumSamples.SamplesBoxes" name="dragAndDrop" time="87.407"/>
  <system-out/>
  <testcase classname="seleniumSamples.SamplesBoxes" name="alertBox" time="2.180"/>
  <system-out/>
  <testcase classname="seleniumSamples.SamplesBoxes" name="fileUpload" time="1.940"/>
  <system-out/>
  <testcase classname="seleniumSamples.SamplesBoxes" name="slider" time="2.639"/>
  <system-out/>
</testsuite> <!-- seleniumSamples.SamplesBoxes -->
